2021-12-14 18:17:30.792 [main][1997] DEBUG io.netty.util.internal.logging.InternalLoggerFactory - Using Log4J2 as the default logging framework
2021-12-14 18:17:30.792 [main][1997] DEBUG io.netty.util.ResourceLeakDetector - -Dio.netty.leakDetection.level: simple
2021-12-14 18:17:30.792 [main][1997] DEBUG io.netty.util.ResourceLeakDetector - -Dio.netty.leakDetection.targetRecords: 4
2021-12-14 18:17:30.808 [main][2013] DEBUG io.netty.util.ResourceLeakDetectorFactory - Loaded default ResourceLeakDetector: io.netty.util.ResourceLeakDetector@3ac8cf9b
2021-12-14 18:17:30.824 [main][2029] DEBUG io.netty.util.internal.PlatformDependent0 - -Dio.netty.noUnsafe: false
2021-12-14 18:17:30.824 [main][2029] DEBUG io.netty.util.internal.PlatformDependent0 - Java version: 11
2021-12-14 18:17:30.824 [main][2029] DEBUG io.netty.util.internal.PlatformDependent0 - sun.misc.Unsafe.theUnsafe: available
2021-12-14 18:17:30.824 [main][2029] DEBUG io.netty.util.internal.PlatformDependent0 - sun.misc.Unsafe.copyMemory: available
2021-12-14 18:17:30.824 [main][2029] DEBUG io.netty.util.internal.PlatformDependent0 - java.nio.Buffer.address: available
2021-12-14 18:17:30.824 [main][2029] DEBUG io.netty.util.internal.PlatformDependent0 - direct buffer constructor: unavailable: Reflective setAccessible(true) disabled
2021-12-14 18:17:30.824 [main][2029] DEBUG io.netty.util.internal.PlatformDependent0 - java.nio.Bits.unaligned: available, true
2021-12-14 18:17:30.824 [main][2029] DEBUG io.netty.util.internal.PlatformDependent0 - jdk.internal.misc.Unsafe.allocateUninitializedArray(int): unavailable: class io.netty.util.internal.PlatformDependent0$6 cannot access class jdk.internal.misc.Unsafe (in module java.base) because module java.base does not export jdk.internal.misc to unnamed module @1ec9bd38
2021-12-14 18:17:30.839 [main][2044] DEBUG io.netty.util.internal.PlatformDependent0 - java.nio.DirectByteBuffer.<init>(long, int): unavailable
2021-12-14 18:17:30.839 [main][2044] DEBUG io.netty.util.internal.PlatformDependent - sun.misc.Unsafe: available
2021-12-14 18:17:30.839 [main][2044] DEBUG io.netty.util.internal.PlatformDependent - maxDirectMemory: 2076180480 bytes (maybe)
2021-12-14 18:17:30.839 [main][2044] DEBUG io.netty.util.internal.PlatformDependent - -Dio.netty.tmpdir: C:\Users\13474\AppData\Local\Temp (java.io.tmpdir)
2021-12-14 18:17:30.839 [main][2044] DEBUG io.netty.util.internal.PlatformDependent - -Dio.netty.bitMode: 64 (sun.arch.data.model)
2021-12-14 18:17:30.839 [main][2044] DEBUG io.netty.util.internal.PlatformDependent - Platform: Windows
2021-12-14 18:17:30.839 [main][2044] DEBUG io.netty.util.internal.PlatformDependent - -Dio.netty.maxDirectMemory: -1 bytes
2021-12-14 18:17:30.839 [main][2044] DEBUG io.netty.util.internal.PlatformDependent - -Dio.netty.uninitializedArrayAllocationThreshold: -1
2021-12-14 18:17:30.839 [main][2044] DEBUG io.netty.util.internal.CleanerJava9 - java.nio.ByteBuffer.cleaner(): available
2021-12-14 18:17:30.839 [main][2044] DEBUG io.netty.util.internal.PlatformDependent - -Dio.netty.noPreferDirect: false
2021-12-14 18:17:30.839 [main][2044] DEBUG io.netty.util.internal.PlatformDependent - org.jctools-core.MpscChunkedArrayQueue: available
2021-12-14 18:17:30.870 [main][2075] DEBUG io.netty.util.internal.InternalThreadLocalMap - -Dio.netty.threadLocalMap.stringBuilder.initialSize: 1024
2021-12-14 18:17:30.870 [main][2075] DEBUG io.netty.util.internal.InternalThreadLocalMap - -Dio.netty.threadLocalMap.stringBuilder.maxSize: 4096
2021-12-14 18:17:31.020 [main][2225] DEBUG io.netty.handler.ssl.JdkSslContext - Default protocols (JDK): [TLSv1.3, TLSv1.2] 
2021-12-14 18:17:31.020 [main][2225] DEBUG io.netty.handler.ssl.JdkSslContext - Default cipher suites (JDK): [TLS_ECDHE_ECDSA_WITH_AES_256_GCM_SHA384, TLS_ECDHE_ECDSA_WITH_AES_128_GCM_SHA256, TLS_ECDHE_RSA_WITH_AES_128_GCM_SHA256, TLS_ECDHE_RSA_WITH_AES_256_GCM_SHA384, TLS_ECDHE_RSA_WITH_AES_128_CBC_SHA, TLS_ECDHE_RSA_WITH_AES_256_CBC_SHA, TLS_RSA_WITH_AES_128_GCM_SHA256, TLS_RSA_WITH_AES_128_CBC_SHA, TLS_RSA_WITH_AES_256_CBC_SHA, TLS_AES_128_GCM_SHA256, TLS_AES_256_GCM_SHA384]
2021-12-14 18:17:31.052 [main][2257] DEBUG io.netty.channel.MultithreadEventLoopGroup - -Dio.netty.eventLoopThreads: 16
2021-12-14 18:17:31.068 [main][2273] DEBUG io.netty.channel.nio.NioEventLoop - -Dio.netty.noKeySetOptimization: false
2021-12-14 18:17:31.068 [main][2273] DEBUG io.netty.channel.nio.NioEventLoop - -Dio.netty.selectorAutoRebuildThreshold: 512
2021-12-14 18:17:31.124 [main][2329] DEBUG io.netty.buffer.PooledByteBufAllocator - -Dio.netty.allocator.numHeapArenas: 16
2021-12-14 18:17:31.124 [main][2329] DEBUG io.netty.buffer.PooledByteBufAllocator - -Dio.netty.allocator.numDirectArenas: 16
2021-12-14 18:17:31.124 [main][2329] DEBUG io.netty.buffer.PooledByteBufAllocator - -Dio.netty.allocator.pageSize: 8192
2021-12-14 18:17:31.124 [main][2329] DEBUG io.netty.buffer.PooledByteBufAllocator - -Dio.netty.allocator.maxOrder: 11
2021-12-14 18:17:31.124 [main][2329] DEBUG io.netty.buffer.PooledByteBufAllocator - -Dio.netty.allocator.chunkSize: 16777216
2021-12-14 18:17:31.124 [main][2329] DEBUG io.netty.buffer.PooledByteBufAllocator - -Dio.netty.allocator.smallCacheSize: 256
2021-12-14 18:17:31.124 [main][2329] DEBUG io.netty.buffer.PooledByteBufAllocator - -Dio.netty.allocator.normalCacheSize: 64
2021-12-14 18:17:31.124 [main][2329] DEBUG io.netty.buffer.PooledByteBufAllocator - -Dio.netty.allocator.maxCachedBufferCapacity: 32768
2021-12-14 18:17:31.124 [main][2329] DEBUG io.netty.buffer.PooledByteBufAllocator - -Dio.netty.allocator.cacheTrimInterval: 8192
2021-12-14 18:17:31.124 [main][2329] DEBUG io.netty.buffer.PooledByteBufAllocator - -Dio.netty.allocator.cacheTrimIntervalMillis: 0
2021-12-14 18:17:31.124 [main][2329] DEBUG io.netty.buffer.PooledByteBufAllocator - -Dio.netty.allocator.useCacheForAllThreads: true
2021-12-14 18:17:31.124 [main][2329] DEBUG io.netty.buffer.PooledByteBufAllocator - -Dio.netty.allocator.maxCachedByteBuffersPerChunk: 1023
2021-12-14 18:17:31.140 [main][2345] DEBUG io.netty.buffer.ByteBufUtil - -Dio.netty.allocator.type: pooled
2021-12-14 18:17:31.140 [main][2345] DEBUG io.netty.buffer.ByteBufUtil - -Dio.netty.threadLocalDirectBufferSize: 0
2021-12-14 18:17:31.140 [main][2345] DEBUG io.netty.buffer.ByteBufUtil - -Dio.netty.maxThreadLocalCharBufferSize: 16384
2021-12-14 18:17:31.510 [Forwarding newSession on session null to remote][2715] DEBUG io.netty.channel.DefaultChannelId - -Dio.netty.processId: 12016 (auto-detected)
2021-12-14 18:17:31.510 [Forwarding newSession on session null to remote][2715] DEBUG io.netty.util.NetUtil - -Djava.net.preferIPv4Stack: false
2021-12-14 18:17:31.510 [Forwarding newSession on session null to remote][2715] DEBUG io.netty.util.NetUtil - -Djava.net.preferIPv6Addresses: false
2021-12-14 18:17:31.626 [Forwarding newSession on session null to remote][2831] DEBUG io.netty.util.NetUtilInitializations - Loopback interface: lo (Software Loopback Interface 1, 127.0.0.1)
2021-12-14 18:17:31.626 [Forwarding newSession on session null to remote][2831] DEBUG io.netty.util.NetUtil - Failed to get SOMAXCONN from sysctl and file \proc\sys\net\core\somaxconn. Default: 200
2021-12-14 18:17:31.750 [Forwarding newSession on session null to remote][2955] DEBUG io.netty.channel.DefaultChannelId - -Dio.netty.machineId: e0:2b:e9:ff:fe:41:7e:9a (auto-detected)
2021-12-14 18:17:31.821 [AsyncHttpClient-1-2][3026] DEBUG io.netty.buffer.AbstractByteBuf - -Dio.netty.buffer.checkAccessible: true
2021-12-14 18:17:31.821 [AsyncHttpClient-1-2][3026] DEBUG io.netty.buffer.AbstractByteBuf - -Dio.netty.buffer.checkBounds: true
2021-12-14 18:17:31.821 [AsyncHttpClient-1-2][3026] DEBUG io.netty.util.ResourceLeakDetectorFactory - Loaded default ResourceLeakDetector: io.netty.util.ResourceLeakDetector@527b7113
2021-12-14 18:17:31.891 [AsyncHttpClient-1-2][3096] DEBUG io.netty.util.Recycler - -Dio.netty.recycler.maxCapacityPerThread: 4096
2021-12-14 18:17:31.891 [AsyncHttpClient-1-2][3096] DEBUG io.netty.util.Recycler - -Dio.netty.recycler.maxSharedCapacityFactor: 2
2021-12-14 18:17:31.891 [AsyncHttpClient-1-2][3096] DEBUG io.netty.util.Recycler - -Dio.netty.recycler.linkCapacity: 16
2021-12-14 18:17:31.892 [AsyncHttpClient-1-2][3097] DEBUG io.netty.util.Recycler - -Dio.netty.recycler.ratio: 8
2021-12-14 18:17:31.893 [AsyncHttpClient-1-2][3098] DEBUG io.netty.util.Recycler - -Dio.netty.recycler.delayedQueue.ratio: 8
2021-12-14 18:17:37.329 [AsyncHttpClient-1-2][8534] DEBUG io.netty.handler.codec.compression.Brotli - brotli4j not in the classpath; Brotli support will be unavailable.
2021-12-14 18:17:37.438 [main][8643] INFO  step_definitions.Hooks - Browser opens as expected
2021-12-14 18:17:38.476 [main][9681] INFO  step_definitions.LoginSteps - user is on login page
2021-12-14 18:17:39.360 [main][10565] INFO  step_definitions.LoginSteps - user enters username and password
2021-12-14 18:17:39.571 [main][10776] INFO  step_definitions.LoginSteps - user click on login button
2021-12-14 18:17:39.775 [main][10980] INFO  step_definitions.LoginSteps - user successfully login the home page
2021-12-14 18:17:39.907 [main][11112] INFO  step_definitions.Hooks - Browser close as expected
2021-12-14 18:17:45.060 [main][16265] INFO  step_definitions.Hooks - Browser opens as expected
2021-12-14 18:17:45.957 [main][17162] INFO  step_definitions.LoginSteps - user is on login page
2021-12-14 18:17:46.822 [main][18027] INFO  step_definitions.LoginSteps - user enters username and password
2021-12-14 18:17:47.075 [main][18280] INFO  step_definitions.LoginSteps - user click on login button
2021-12-14 18:17:47.265 [main][18470] INFO  step_definitions.LoginSteps - user successfully login the home page
2021-12-14 18:17:47.422 [main][18627] INFO  step_definitions.Hooks - Browser close as expected
2021-12-14 18:17:49.778 [main][20983] INFO  step_definitions.Hooks - Browser opens as expected
2021-12-14 18:17:50.673 [main][21878] INFO  step_definitions.LoginSteps - user is on login page
2021-12-14 18:17:51.519 [main][22724] INFO  step_definitions.LoginSteps - user enters username and password
2021-12-14 18:17:51.738 [main][22943] INFO  step_definitions.LoginSteps - user click on login button
2021-12-14 18:17:51.936 [main][23141] INFO  step_definitions.LoginSteps - user successfully login the home page
2021-12-14 18:17:52.064 [main][23269] INFO  step_definitions.Hooks - Browser close as expected
2021-12-14 18:17:54.307 [main][25512] INFO  step_definitions.Hooks - Browser opens as expected
2021-12-14 18:17:56.399 [main][27604] INFO  step_definitions.LoginSteps - user is on login page
2021-12-14 18:17:57.218 [main][28423] INFO  step_definitions.LoginSteps - user enters username and password
2021-12-14 18:17:57.425 [main][28630] INFO  step_definitions.LoginSteps - user click on login button
2021-12-14 18:17:57.571 [main][28776] INFO  step_definitions.LoginSteps - user successfully login the home page
2021-12-14 18:17:57.697 [main][28902] INFO  step_definitions.Hooks - Browser close as expected
2021-12-14 18:17:59.275 [main][30480] INFO  step_definitions.Hooks - Browser opens as expected
2021-12-14 18:18:00.036 [main][31241] INFO  step_definitions.LoginSteps - user is on login page
2021-12-14 18:18:00.864 [main][32069] INFO  step_definitions.LoginSteps - user enters username and password
2021-12-14 18:18:01.072 [main][32277] INFO  step_definitions.LoginSteps - user click on login button
2021-12-14 18:18:01.219 [main][32424] INFO  step_definitions.LoginSteps - user successfully login the home page
2021-12-14 18:18:01.336 [main][32541] INFO  step_definitions.Hooks - Browser close as expected
2021-12-14 18:18:04.193 [main][35398] INFO  step_definitions.Hooks - Browser opens as expected
2021-12-14 18:18:05.001 [main][36206] INFO  step_definitions.LoginSteps - user is on login page
2021-12-14 18:18:05.938 [main][37143] INFO  step_definitions.LoginSteps - user enters username and password
2021-12-14 18:18:06.144 [main][37349] INFO  step_definitions.LoginSteps - user click on login button
2021-12-14 18:18:06.272 [main][37477] INFO  step_definitions.LoginSteps - user cannot login with invalid credentials
2021-12-14 18:18:06.402 [main][37607] INFO  step_definitions.Hooks - Browser close as expected
2021-12-14 18:18:09.374 [main][40579] INFO  step_definitions.Hooks - Browser opens as expected
2021-12-14 18:18:11.387 [main][42592] INFO  step_definitions.MortgageCalculatorSteps - Mortgage Calculator Home Page opens
2021-12-14 18:18:11.387 [main][42592] DEBUG page_objects.NavigationBar - Mouse hover to Rates Link
2021-12-14 18:18:11.671 [main][42876] DEBUG page_objects.NavigationBar - Navigating to Real Apr Link
2021-12-14 18:18:13.479 [main][44684] INFO  step_definitions.MortgageCalculatorSteps - Navigate to real apr page
2021-12-14 18:18:13.480 [main][44685] DEBUG page_objects.RealApr - Home value is: 200000
2021-12-14 18:18:13.888 [main][45093] DEBUG page_objects.RealApr - Clicking on Dollar Button
2021-12-14 18:18:14.095 [main][45300] DEBUG page_objects.RealApr - Down Payment is: 15000
2021-12-14 18:18:14.510 [main][45715] DEBUG page_objects.RealApr - Interest Rate is: 3
2021-12-14 18:18:14.902 [main][46107] DEBUG page_objects.RealApr - Clicking on Calculate Button
2021-12-14 18:18:16.131 [main][47336] INFO  step_definitions.MortgageCalculatorSteps - click on calculate button upon entering the data
2021-12-14 18:18:16.131 [main][47336] DEBUG page_objects.RealApr - Validate the real apr is: 3.130%
2021-12-14 18:18:16.318 [main][47523] INFO  step_definitions.MortgageCalculatorSteps - validate the actual real apr rate
2021-12-14 18:18:16.434 [main][47639] INFO  step_definitions.Hooks - Browser close as expected
