2021-12-14 18:52:17.972 [main][3292] DEBUG io.netty.util.internal.logging.InternalLoggerFactory - Using Log4J2 as the default logging framework
2021-12-14 18:52:17.988 [main][3308] DEBUG io.netty.util.ResourceLeakDetector - -Dio.netty.leakDetection.level: simple
2021-12-14 18:52:17.988 [main][3308] DEBUG io.netty.util.ResourceLeakDetector - -Dio.netty.leakDetection.targetRecords: 4
2021-12-14 18:52:17.988 [main][3308] DEBUG io.netty.util.ResourceLeakDetectorFactory - Loaded default ResourceLeakDetector: io.netty.util.ResourceLeakDetector@6af91cc8
2021-12-14 18:52:18.019 [main][3339] DEBUG io.netty.util.internal.PlatformDependent0 - -Dio.netty.noUnsafe: false
2021-12-14 18:52:18.019 [main][3339] DEBUG io.netty.util.internal.PlatformDependent0 - Java version: 11
2021-12-14 18:52:18.019 [main][3339] DEBUG io.netty.util.internal.PlatformDependent0 - sun.misc.Unsafe.theUnsafe: available
2021-12-14 18:52:18.019 [main][3339] DEBUG io.netty.util.internal.PlatformDependent0 - sun.misc.Unsafe.copyMemory: available
2021-12-14 18:52:18.019 [main][3339] DEBUG io.netty.util.internal.PlatformDependent0 - java.nio.Buffer.address: available
2021-12-14 18:52:18.019 [main][3339] DEBUG io.netty.util.internal.PlatformDependent0 - direct buffer constructor: unavailable: Reflective setAccessible(true) disabled
2021-12-14 18:52:18.019 [main][3339] DEBUG io.netty.util.internal.PlatformDependent0 - java.nio.Bits.unaligned: available, true
2021-12-14 18:52:18.019 [main][3339] DEBUG io.netty.util.internal.PlatformDependent0 - jdk.internal.misc.Unsafe.allocateUninitializedArray(int): unavailable: class io.netty.util.internal.PlatformDependent0$6 cannot access class jdk.internal.misc.Unsafe (in module java.base) because module java.base does not export jdk.internal.misc to unnamed module @75c56eb9
2021-12-14 18:52:18.019 [main][3339] DEBUG io.netty.util.internal.PlatformDependent0 - java.nio.DirectByteBuffer.<init>(long, int): unavailable
2021-12-14 18:52:18.019 [main][3339] DEBUG io.netty.util.internal.PlatformDependent - sun.misc.Unsafe: available
2021-12-14 18:52:18.019 [main][3339] DEBUG io.netty.util.internal.PlatformDependent - maxDirectMemory: 2076180480 bytes (maybe)
2021-12-14 18:52:18.019 [main][3339] DEBUG io.netty.util.internal.PlatformDependent - -Dio.netty.tmpdir: C:\Users\13474\AppData\Local\Temp (java.io.tmpdir)
2021-12-14 18:52:18.019 [main][3339] DEBUG io.netty.util.internal.PlatformDependent - -Dio.netty.bitMode: 64 (sun.arch.data.model)
2021-12-14 18:52:18.019 [main][3339] DEBUG io.netty.util.internal.PlatformDependent - Platform: Windows
2021-12-14 18:52:18.019 [main][3339] DEBUG io.netty.util.internal.PlatformDependent - -Dio.netty.maxDirectMemory: -1 bytes
2021-12-14 18:52:18.035 [main][3355] DEBUG io.netty.util.internal.PlatformDependent - -Dio.netty.uninitializedArrayAllocationThreshold: -1
2021-12-14 18:52:18.035 [main][3355] DEBUG io.netty.util.internal.CleanerJava9 - java.nio.ByteBuffer.cleaner(): available
2021-12-14 18:52:18.035 [main][3355] DEBUG io.netty.util.internal.PlatformDependent - -Dio.netty.noPreferDirect: false
2021-12-14 18:52:18.066 [main][3386] DEBUG io.netty.util.internal.PlatformDependent - org.jctools-core.MpscChunkedArrayQueue: available
2021-12-14 18:52:18.097 [main][3417] DEBUG io.netty.util.internal.InternalThreadLocalMap - -Dio.netty.threadLocalMap.stringBuilder.initialSize: 1024
2021-12-14 18:52:18.097 [main][3417] DEBUG io.netty.util.internal.InternalThreadLocalMap - -Dio.netty.threadLocalMap.stringBuilder.maxSize: 4096
2021-12-14 18:52:18.129 [main][3449] DEBUG io.netty.handler.ssl.JdkSslContext - Default protocols (JDK): [TLSv1.3, TLSv1.2] 
2021-12-14 18:52:18.129 [main][3449] DEBUG io.netty.handler.ssl.JdkSslContext - Default cipher suites (JDK): [TLS_ECDHE_ECDSA_WITH_AES_256_GCM_SHA384, TLS_ECDHE_ECDSA_WITH_AES_128_GCM_SHA256, TLS_ECDHE_RSA_WITH_AES_128_GCM_SHA256, TLS_ECDHE_RSA_WITH_AES_256_GCM_SHA384, TLS_ECDHE_RSA_WITH_AES_128_CBC_SHA, TLS_ECDHE_RSA_WITH_AES_256_CBC_SHA, TLS_RSA_WITH_AES_128_GCM_SHA256, TLS_RSA_WITH_AES_128_CBC_SHA, TLS_RSA_WITH_AES_256_CBC_SHA, TLS_AES_128_GCM_SHA256, TLS_AES_256_GCM_SHA384]
2021-12-14 18:52:18.161 [main][3481] DEBUG io.netty.channel.MultithreadEventLoopGroup - -Dio.netty.eventLoopThreads: 16
2021-12-14 18:52:18.182 [main][3502] DEBUG io.netty.channel.nio.NioEventLoop - -Dio.netty.noKeySetOptimization: false
2021-12-14 18:52:18.182 [main][3502] DEBUG io.netty.channel.nio.NioEventLoop - -Dio.netty.selectorAutoRebuildThreshold: 512
2021-12-14 18:52:18.245 [main][3565] DEBUG io.netty.buffer.PooledByteBufAllocator - -Dio.netty.allocator.numHeapArenas: 16
2021-12-14 18:52:18.245 [main][3565] DEBUG io.netty.buffer.PooledByteBufAllocator - -Dio.netty.allocator.numDirectArenas: 16
2021-12-14 18:52:18.245 [main][3565] DEBUG io.netty.buffer.PooledByteBufAllocator - -Dio.netty.allocator.pageSize: 8192
2021-12-14 18:52:18.245 [main][3565] DEBUG io.netty.buffer.PooledByteBufAllocator - -Dio.netty.allocator.maxOrder: 11
2021-12-14 18:52:18.245 [main][3565] DEBUG io.netty.buffer.PooledByteBufAllocator - -Dio.netty.allocator.chunkSize: 16777216
2021-12-14 18:52:18.245 [main][3565] DEBUG io.netty.buffer.PooledByteBufAllocator - -Dio.netty.allocator.smallCacheSize: 256
2021-12-14 18:52:18.245 [main][3565] DEBUG io.netty.buffer.PooledByteBufAllocator - -Dio.netty.allocator.normalCacheSize: 64
2021-12-14 18:52:18.245 [main][3565] DEBUG io.netty.buffer.PooledByteBufAllocator - -Dio.netty.allocator.maxCachedBufferCapacity: 32768
2021-12-14 18:52:18.245 [main][3565] DEBUG io.netty.buffer.PooledByteBufAllocator - -Dio.netty.allocator.cacheTrimInterval: 8192
2021-12-14 18:52:18.245 [main][3565] DEBUG io.netty.buffer.PooledByteBufAllocator - -Dio.netty.allocator.cacheTrimIntervalMillis: 0
2021-12-14 18:52:18.245 [main][3565] DEBUG io.netty.buffer.PooledByteBufAllocator - -Dio.netty.allocator.useCacheForAllThreads: true
2021-12-14 18:52:18.245 [main][3565] DEBUG io.netty.buffer.PooledByteBufAllocator - -Dio.netty.allocator.maxCachedByteBuffersPerChunk: 1023
2021-12-14 18:52:18.245 [main][3565] DEBUG io.netty.buffer.ByteBufUtil - -Dio.netty.allocator.type: pooled
2021-12-14 18:52:18.245 [main][3565] DEBUG io.netty.buffer.ByteBufUtil - -Dio.netty.threadLocalDirectBufferSize: 0
2021-12-14 18:52:18.245 [main][3565] DEBUG io.netty.buffer.ByteBufUtil - -Dio.netty.maxThreadLocalCharBufferSize: 16384
2021-12-14 18:52:19.063 [Forwarding newSession on session null to remote][4383] DEBUG io.netty.channel.DefaultChannelId - -Dio.netty.processId: 14508 (auto-detected)
2021-12-14 18:52:19.063 [Forwarding newSession on session null to remote][4383] DEBUG io.netty.util.NetUtil - -Djava.net.preferIPv4Stack: false
2021-12-14 18:52:19.063 [Forwarding newSession on session null to remote][4383] DEBUG io.netty.util.NetUtil - -Djava.net.preferIPv6Addresses: false
2021-12-14 18:52:19.158 [Forwarding newSession on session null to remote][4478] DEBUG io.netty.util.NetUtilInitializations - Loopback interface: lo (Software Loopback Interface 1, 127.0.0.1)
2021-12-14 18:52:19.173 [Forwarding newSession on session null to remote][4493] DEBUG io.netty.util.NetUtil - Failed to get SOMAXCONN from sysctl and file \proc\sys\net\core\somaxconn. Default: 200
2021-12-14 18:52:19.252 [Forwarding newSession on session null to remote][4572] DEBUG io.netty.channel.DefaultChannelId - -Dio.netty.machineId: e0:2b:e9:ff:fe:41:7e:9a (auto-detected)
2021-12-14 18:52:19.315 [AsyncHttpClient-1-2][4635] DEBUG io.netty.buffer.AbstractByteBuf - -Dio.netty.buffer.checkAccessible: true
2021-12-14 18:52:19.315 [AsyncHttpClient-1-2][4635] DEBUG io.netty.buffer.AbstractByteBuf - -Dio.netty.buffer.checkBounds: true
2021-12-14 18:52:19.315 [AsyncHttpClient-1-2][4635] DEBUG io.netty.util.ResourceLeakDetectorFactory - Loaded default ResourceLeakDetector: io.netty.util.ResourceLeakDetector@20c67389
2021-12-14 18:52:19.362 [AsyncHttpClient-1-2][4682] DEBUG io.netty.util.Recycler - -Dio.netty.recycler.maxCapacityPerThread: 4096
2021-12-14 18:52:19.362 [AsyncHttpClient-1-2][4682] DEBUG io.netty.util.Recycler - -Dio.netty.recycler.maxSharedCapacityFactor: 2
2021-12-14 18:52:19.362 [AsyncHttpClient-1-2][4682] DEBUG io.netty.util.Recycler - -Dio.netty.recycler.linkCapacity: 16
2021-12-14 18:52:19.362 [AsyncHttpClient-1-2][4682] DEBUG io.netty.util.Recycler - -Dio.netty.recycler.ratio: 8
2021-12-14 18:52:19.362 [AsyncHttpClient-1-2][4682] DEBUG io.netty.util.Recycler - -Dio.netty.recycler.delayedQueue.ratio: 8
2021-12-14 18:52:20.702 [AsyncHttpClient-1-2][6022] DEBUG io.netty.handler.codec.compression.Brotli - brotli4j not in the classpath; Brotli support will be unavailable.
2021-12-14 18:52:20.922 [main][6242] DEBUG io.netty.util.internal.ThreadLocalRandom - -Dio.netty.initialSeedUniquifier: 0x4cc3b582705d93c7
2021-12-14 18:52:20.979 [main][6299] INFO  step_definitions.Hooks - Browser opens as expected
2021-12-14 18:52:23.802 [main][9122] INFO  step_definitions.MortgageCalculatorSteps - Mortgage Calculator Home Page opens
2021-12-14 18:52:23.802 [main][9122] DEBUG page_objects.NavigationBar - Mouse hover to Rates Link
2021-12-14 18:52:24.001 [main][9321] DEBUG page_objects.NavigationBar - Navigating to Real Apr Link
2021-12-14 18:52:25.854 [main][11174] INFO  step_definitions.MortgageCalculatorSteps - Navigate to real apr page
2021-12-14 18:52:25.861 [main][11181] DEBUG page_objects.RealApr - Home value is: 200000
2021-12-14 18:52:26.167 [main][11487] DEBUG page_objects.RealApr - Clicking on Dollar Button
2021-12-14 18:52:26.245 [main][11565] DEBUG page_objects.RealApr - Down Payment is: 15000
2021-12-14 18:52:26.547 [main][11867] DEBUG page_objects.RealApr - Interest Rate is: 3
2021-12-14 18:52:26.830 [main][12150] DEBUG page_objects.RealApr - Clicking on Calculate Button
2021-12-14 18:52:28.107 [main][13427] INFO  step_definitions.MortgageCalculatorSteps - click on calculate button upon entering the data
2021-12-14 18:52:28.114 [main][13434] DEBUG page_objects.RealApr - Validate the real apr is: 3.130%
2021-12-14 18:52:28.318 [main][13638] INFO  step_definitions.MortgageCalculatorSteps - validate the actual real apr rate
2021-12-14 18:52:29.005 [main][14325] INFO  step_definitions.Hooks - Browser close as expected
