2021-12-15 20:57:06.599 [main][2851] DEBUG io.netty.util.internal.logging.InternalLoggerFactory - Using Log4J2 as the default logging framework
2021-12-15 20:57:06.607 [main][2859] DEBUG io.netty.util.ResourceLeakDetector - -Dio.netty.leakDetection.level: simple
2021-12-15 20:57:06.607 [main][2859] DEBUG io.netty.util.ResourceLeakDetector - -Dio.netty.leakDetection.targetRecords: 4
2021-12-15 20:57:06.612 [main][2864] DEBUG io.netty.util.ResourceLeakDetectorFactory - Loaded default ResourceLeakDetector: io.netty.util.ResourceLeakDetector@598260a6
2021-12-15 20:57:06.631 [main][2883] DEBUG io.netty.util.internal.PlatformDependent0 - -Dio.netty.noUnsafe: false
2021-12-15 20:57:06.631 [main][2883] DEBUG io.netty.util.internal.PlatformDependent0 - Java version: 11
2021-12-15 20:57:06.631 [main][2883] DEBUG io.netty.util.internal.PlatformDependent0 - sun.misc.Unsafe.theUnsafe: available
2021-12-15 20:57:06.632 [main][2884] DEBUG io.netty.util.internal.PlatformDependent0 - sun.misc.Unsafe.copyMemory: available
2021-12-15 20:57:06.632 [main][2884] DEBUG io.netty.util.internal.PlatformDependent0 - java.nio.Buffer.address: available
2021-12-15 20:57:06.634 [main][2886] DEBUG io.netty.util.internal.PlatformDependent0 - direct buffer constructor: unavailable: Reflective setAccessible(true) disabled
2021-12-15 20:57:06.634 [main][2886] DEBUG io.netty.util.internal.PlatformDependent0 - java.nio.Bits.unaligned: available, true
2021-12-15 20:57:06.635 [main][2887] DEBUG io.netty.util.internal.PlatformDependent0 - jdk.internal.misc.Unsafe.allocateUninitializedArray(int): unavailable: class io.netty.util.internal.PlatformDependent0$6 cannot access class jdk.internal.misc.Unsafe (in module java.base) because module java.base does not export jdk.internal.misc to unnamed module @75c56eb9
2021-12-15 20:57:06.636 [main][2888] DEBUG io.netty.util.internal.PlatformDependent0 - java.nio.DirectByteBuffer.<init>(long, int): unavailable
2021-12-15 20:57:06.636 [main][2888] DEBUG io.netty.util.internal.PlatformDependent - sun.misc.Unsafe: available
2021-12-15 20:57:06.636 [main][2888] DEBUG io.netty.util.internal.PlatformDependent - maxDirectMemory: 2076180480 bytes (maybe)
2021-12-15 20:57:06.637 [main][2889] DEBUG io.netty.util.internal.PlatformDependent - -Dio.netty.tmpdir: C:\Users\13474\AppData\Local\Temp (java.io.tmpdir)
2021-12-15 20:57:06.637 [main][2889] DEBUG io.netty.util.internal.PlatformDependent - -Dio.netty.bitMode: 64 (sun.arch.data.model)
2021-12-15 20:57:06.637 [main][2889] DEBUG io.netty.util.internal.PlatformDependent - Platform: Windows
2021-12-15 20:57:06.637 [main][2889] DEBUG io.netty.util.internal.PlatformDependent - -Dio.netty.maxDirectMemory: -1 bytes
2021-12-15 20:57:06.638 [main][2890] DEBUG io.netty.util.internal.PlatformDependent - -Dio.netty.uninitializedArrayAllocationThreshold: -1
2021-12-15 20:57:06.638 [main][2890] DEBUG io.netty.util.internal.CleanerJava9 - java.nio.ByteBuffer.cleaner(): available
2021-12-15 20:57:06.638 [main][2890] DEBUG io.netty.util.internal.PlatformDependent - -Dio.netty.noPreferDirect: false
2021-12-15 20:57:06.645 [main][2897] DEBUG io.netty.util.internal.PlatformDependent - org.jctools-core.MpscChunkedArrayQueue: available
2021-12-15 20:57:06.666 [main][2918] DEBUG io.netty.util.internal.InternalThreadLocalMap - -Dio.netty.threadLocalMap.stringBuilder.initialSize: 1024
2021-12-15 20:57:06.667 [main][2919] DEBUG io.netty.util.internal.InternalThreadLocalMap - -Dio.netty.threadLocalMap.stringBuilder.maxSize: 4096
2021-12-15 20:57:06.848 [main][3100] DEBUG io.netty.handler.ssl.JdkSslContext - Default protocols (JDK): [TLSv1.3, TLSv1.2] 
2021-12-15 20:57:06.848 [main][3100] DEBUG io.netty.handler.ssl.JdkSslContext - Default cipher suites (JDK): [TLS_ECDHE_ECDSA_WITH_AES_256_GCM_SHA384, TLS_ECDHE_ECDSA_WITH_AES_128_GCM_SHA256, TLS_ECDHE_RSA_WITH_AES_128_GCM_SHA256, TLS_ECDHE_RSA_WITH_AES_256_GCM_SHA384, TLS_ECDHE_RSA_WITH_AES_128_CBC_SHA, TLS_ECDHE_RSA_WITH_AES_256_CBC_SHA, TLS_RSA_WITH_AES_128_GCM_SHA256, TLS_RSA_WITH_AES_128_CBC_SHA, TLS_RSA_WITH_AES_256_CBC_SHA, TLS_AES_128_GCM_SHA256, TLS_AES_256_GCM_SHA384]
2021-12-15 20:57:06.891 [main][3143] DEBUG io.netty.channel.MultithreadEventLoopGroup - -Dio.netty.eventLoopThreads: 16
2021-12-15 20:57:06.903 [main][3155] DEBUG io.netty.channel.nio.NioEventLoop - -Dio.netty.noKeySetOptimization: false
2021-12-15 20:57:06.903 [main][3155] DEBUG io.netty.channel.nio.NioEventLoop - -Dio.netty.selectorAutoRebuildThreshold: 512
2021-12-15 20:57:06.996 [main][3248] DEBUG io.netty.buffer.PooledByteBufAllocator - -Dio.netty.allocator.numHeapArenas: 16
2021-12-15 20:57:06.996 [main][3248] DEBUG io.netty.buffer.PooledByteBufAllocator - -Dio.netty.allocator.numDirectArenas: 16
2021-12-15 20:57:06.996 [main][3248] DEBUG io.netty.buffer.PooledByteBufAllocator - -Dio.netty.allocator.pageSize: 8192
2021-12-15 20:57:06.996 [main][3248] DEBUG io.netty.buffer.PooledByteBufAllocator - -Dio.netty.allocator.maxOrder: 11
2021-12-15 20:57:06.996 [main][3248] DEBUG io.netty.buffer.PooledByteBufAllocator - -Dio.netty.allocator.chunkSize: 16777216
2021-12-15 20:57:06.996 [main][3248] DEBUG io.netty.buffer.PooledByteBufAllocator - -Dio.netty.allocator.smallCacheSize: 256
2021-12-15 20:57:06.996 [main][3248] DEBUG io.netty.buffer.PooledByteBufAllocator - -Dio.netty.allocator.normalCacheSize: 64
2021-12-15 20:57:06.997 [main][3249] DEBUG io.netty.buffer.PooledByteBufAllocator - -Dio.netty.allocator.maxCachedBufferCapacity: 32768
2021-12-15 20:57:06.997 [main][3249] DEBUG io.netty.buffer.PooledByteBufAllocator - -Dio.netty.allocator.cacheTrimInterval: 8192
2021-12-15 20:57:06.997 [main][3249] DEBUG io.netty.buffer.PooledByteBufAllocator - -Dio.netty.allocator.cacheTrimIntervalMillis: 0
2021-12-15 20:57:06.997 [main][3249] DEBUG io.netty.buffer.PooledByteBufAllocator - -Dio.netty.allocator.useCacheForAllThreads: true
2021-12-15 20:57:06.997 [main][3249] DEBUG io.netty.buffer.PooledByteBufAllocator - -Dio.netty.allocator.maxCachedByteBuffersPerChunk: 1023
2021-12-15 20:57:07.010 [main][3262] DEBUG io.netty.buffer.ByteBufUtil - -Dio.netty.allocator.type: pooled
2021-12-15 20:57:07.010 [main][3262] DEBUG io.netty.buffer.ByteBufUtil - -Dio.netty.threadLocalDirectBufferSize: 0
2021-12-15 20:57:07.010 [main][3262] DEBUG io.netty.buffer.ByteBufUtil - -Dio.netty.maxThreadLocalCharBufferSize: 16384
2021-12-15 20:57:07.547 [Forwarding newSession on session null to remote][3799] DEBUG io.netty.channel.DefaultChannelId - -Dio.netty.processId: 12412 (auto-detected)
2021-12-15 20:57:07.552 [Forwarding newSession on session null to remote][3804] DEBUG io.netty.util.NetUtil - -Djava.net.preferIPv4Stack: false
2021-12-15 20:57:07.552 [Forwarding newSession on session null to remote][3804] DEBUG io.netty.util.NetUtil - -Djava.net.preferIPv6Addresses: false
2021-12-15 20:57:07.710 [Forwarding newSession on session null to remote][3962] DEBUG io.netty.util.NetUtilInitializations - Loopback interface: lo (Software Loopback Interface 1, 127.0.0.1)
2021-12-15 20:57:07.711 [Forwarding newSession on session null to remote][3963] DEBUG io.netty.util.NetUtil - Failed to get SOMAXCONN from sysctl and file \proc\sys\net\core\somaxconn. Default: 200
2021-12-15 20:57:07.884 [Forwarding newSession on session null to remote][4136] DEBUG io.netty.channel.DefaultChannelId - -Dio.netty.machineId: e0:2b:e9:ff:fe:41:7e:9a (auto-detected)
2021-12-15 20:57:07.975 [AsyncHttpClient-1-2][4227] DEBUG io.netty.buffer.AbstractByteBuf - -Dio.netty.buffer.checkAccessible: true
2021-12-15 20:57:07.975 [AsyncHttpClient-1-2][4227] DEBUG io.netty.buffer.AbstractByteBuf - -Dio.netty.buffer.checkBounds: true
2021-12-15 20:57:07.975 [AsyncHttpClient-1-2][4227] DEBUG io.netty.util.ResourceLeakDetectorFactory - Loaded default ResourceLeakDetector: io.netty.util.ResourceLeakDetector@44d16a47
2021-12-15 20:57:08.050 [AsyncHttpClient-1-2][4302] DEBUG io.netty.util.Recycler - -Dio.netty.recycler.maxCapacityPerThread: 4096
2021-12-15 20:57:08.051 [AsyncHttpClient-1-2][4303] DEBUG io.netty.util.Recycler - -Dio.netty.recycler.maxSharedCapacityFactor: 2
2021-12-15 20:57:08.051 [AsyncHttpClient-1-2][4303] DEBUG io.netty.util.Recycler - -Dio.netty.recycler.linkCapacity: 16
2021-12-15 20:57:08.051 [AsyncHttpClient-1-2][4303] DEBUG io.netty.util.Recycler - -Dio.netty.recycler.ratio: 8
2021-12-15 20:57:08.052 [AsyncHttpClient-1-2][4304] DEBUG io.netty.util.Recycler - -Dio.netty.recycler.delayedQueue.ratio: 8
2021-12-15 20:57:12.605 [AsyncHttpClient-1-2][8857] DEBUG io.netty.handler.codec.compression.Brotli - brotli4j not in the classpath; Brotli support will be unavailable.
2021-12-15 20:57:12.711 [main][8963] INFO  step_definitions.Hooks - Browser opens as expected
2021-12-15 20:57:14.439 [main][10691] INFO  step_definitions.MortgageCalculatorSteps - Mortgage Calculator Home Page opens
2021-12-15 20:57:14.445 [main][10697] DEBUG page_objects.NavigationBar - Mouse hover to Rates Link
2021-12-15 20:57:14.735 [main][10987] DEBUG page_objects.NavigationBar - Navigating to Real Apr Link
2021-12-15 20:57:16.076 [main][12328] INFO  step_definitions.MortgageCalculatorSteps - Navigate to real apr page
2021-12-15 20:57:16.082 [main][12334] DEBUG page_objects.RealApr - Home value is: 200000
2021-12-15 20:57:16.488 [main][12740] DEBUG page_objects.RealApr - Clicking on Dollar Button
2021-12-15 20:57:16.670 [main][12922] DEBUG page_objects.RealApr - Down Payment is: 15000
2021-12-15 20:57:17.105 [main][13357] DEBUG page_objects.RealApr - Interest Rate is: 3
2021-12-15 20:57:17.461 [main][13713] DEBUG page_objects.RealApr - Clicking on Calculate Button
2021-12-15 20:57:18.537 [main][14789] INFO  step_definitions.MortgageCalculatorSteps - click on calculate button upon entering the data
2021-12-15 20:57:18.542 [main][14794] DEBUG page_objects.RealApr - Validate the real apr is: 3.130%
2021-12-15 20:57:18.701 [main][14953] INFO  step_definitions.MortgageCalculatorSteps - validate the actual real apr rate
2021-12-15 20:57:18.850 [main][15102] INFO  step_definitions.Hooks - Browser close as expected
