2021-12-12 19:21:26.629 [main][2288] DEBUG io.netty.util.internal.logging.InternalLoggerFactory - Using Log4J2 as the default logging framework
2021-12-12 19:21:26.640 [main][2299] DEBUG io.netty.util.ResourceLeakDetector - -Dio.netty.leakDetection.level: simple
2021-12-12 19:21:26.640 [main][2299] DEBUG io.netty.util.ResourceLeakDetector - -Dio.netty.leakDetection.targetRecords: 4
2021-12-12 19:21:26.640 [main][2299] DEBUG io.netty.util.ResourceLeakDetectorFactory - Loaded default ResourceLeakDetector: io.netty.util.ResourceLeakDetector@37c2eacb
2021-12-12 19:21:26.658 [main][2317] DEBUG io.netty.util.internal.PlatformDependent0 - -Dio.netty.noUnsafe: false
2021-12-12 19:21:26.658 [main][2317] DEBUG io.netty.util.internal.PlatformDependent0 - Java version: 11
2021-12-12 19:21:26.666 [main][2325] DEBUG io.netty.util.internal.PlatformDependent0 - sun.misc.Unsafe.theUnsafe: available
2021-12-12 19:21:26.667 [main][2326] DEBUG io.netty.util.internal.PlatformDependent0 - sun.misc.Unsafe.copyMemory: available
2021-12-12 19:21:26.668 [main][2327] DEBUG io.netty.util.internal.PlatformDependent0 - java.nio.Buffer.address: available
2021-12-12 19:21:26.668 [main][2327] DEBUG io.netty.util.internal.PlatformDependent0 - direct buffer constructor: unavailable: Reflective setAccessible(true) disabled
2021-12-12 19:21:26.668 [main][2327] DEBUG io.netty.util.internal.PlatformDependent0 - java.nio.Bits.unaligned: available, true
2021-12-12 19:21:26.668 [main][2327] DEBUG io.netty.util.internal.PlatformDependent0 - jdk.internal.misc.Unsafe.allocateUninitializedArray(int): unavailable: class io.netty.util.internal.PlatformDependent0$6 cannot access class jdk.internal.misc.Unsafe (in module java.base) because module java.base does not export jdk.internal.misc to unnamed module @5bcea91b
2021-12-12 19:21:26.668 [main][2327] DEBUG io.netty.util.internal.PlatformDependent0 - java.nio.DirectByteBuffer.<init>(long, int): unavailable
2021-12-12 19:21:26.668 [main][2327] DEBUG io.netty.util.internal.PlatformDependent - sun.misc.Unsafe: available
2021-12-12 19:21:26.668 [main][2327] DEBUG io.netty.util.internal.PlatformDependent - maxDirectMemory: 2076180480 bytes (maybe)
2021-12-12 19:21:26.668 [main][2327] DEBUG io.netty.util.internal.PlatformDependent - -Dio.netty.tmpdir: C:\Users\13474\AppData\Local\Temp (java.io.tmpdir)
2021-12-12 19:21:26.668 [main][2327] DEBUG io.netty.util.internal.PlatformDependent - -Dio.netty.bitMode: 64 (sun.arch.data.model)
2021-12-12 19:21:26.668 [main][2327] DEBUG io.netty.util.internal.PlatformDependent - Platform: Windows
2021-12-12 19:21:26.668 [main][2327] DEBUG io.netty.util.internal.PlatformDependent - -Dio.netty.maxDirectMemory: -1 bytes
2021-12-12 19:21:26.668 [main][2327] DEBUG io.netty.util.internal.PlatformDependent - -Dio.netty.uninitializedArrayAllocationThreshold: -1
2021-12-12 19:21:26.668 [main][2327] DEBUG io.netty.util.internal.CleanerJava9 - java.nio.ByteBuffer.cleaner(): available
2021-12-12 19:21:26.668 [main][2327] DEBUG io.netty.util.internal.PlatformDependent - -Dio.netty.noPreferDirect: false
2021-12-12 19:21:26.678 [main][2337] DEBUG io.netty.util.internal.PlatformDependent - org.jctools-core.MpscChunkedArrayQueue: available
2021-12-12 19:21:26.695 [main][2354] DEBUG io.netty.util.internal.InternalThreadLocalMap - -Dio.netty.threadLocalMap.stringBuilder.initialSize: 1024
2021-12-12 19:21:26.695 [main][2354] DEBUG io.netty.util.internal.InternalThreadLocalMap - -Dio.netty.threadLocalMap.stringBuilder.maxSize: 4096
2021-12-12 19:21:26.716 [main][2375] DEBUG io.netty.handler.ssl.JdkSslContext - Default protocols (JDK): [TLSv1.3, TLSv1.2] 
2021-12-12 19:21:26.716 [main][2375] DEBUG io.netty.handler.ssl.JdkSslContext - Default cipher suites (JDK): [TLS_ECDHE_ECDSA_WITH_AES_256_GCM_SHA384, TLS_ECDHE_ECDSA_WITH_AES_128_GCM_SHA256, TLS_ECDHE_RSA_WITH_AES_128_GCM_SHA256, TLS_ECDHE_RSA_WITH_AES_256_GCM_SHA384, TLS_ECDHE_RSA_WITH_AES_128_CBC_SHA, TLS_ECDHE_RSA_WITH_AES_256_CBC_SHA, TLS_RSA_WITH_AES_128_GCM_SHA256, TLS_RSA_WITH_AES_128_CBC_SHA, TLS_RSA_WITH_AES_256_CBC_SHA, TLS_AES_128_GCM_SHA256, TLS_AES_256_GCM_SHA384]
2021-12-12 19:21:26.745 [main][2404] DEBUG io.netty.channel.MultithreadEventLoopGroup - -Dio.netty.eventLoopThreads: 16
2021-12-12 19:21:26.752 [main][2411] DEBUG io.netty.channel.nio.NioEventLoop - -Dio.netty.noKeySetOptimization: false
2021-12-12 19:21:26.753 [main][2412] DEBUG io.netty.channel.nio.NioEventLoop - -Dio.netty.selectorAutoRebuildThreshold: 512
2021-12-12 19:21:26.790 [main][2449] DEBUG io.netty.buffer.PooledByteBufAllocator - -Dio.netty.allocator.numHeapArenas: 16
2021-12-12 19:21:26.790 [main][2449] DEBUG io.netty.buffer.PooledByteBufAllocator - -Dio.netty.allocator.numDirectArenas: 16
2021-12-12 19:21:26.790 [main][2449] DEBUG io.netty.buffer.PooledByteBufAllocator - -Dio.netty.allocator.pageSize: 8192
2021-12-12 19:21:26.790 [main][2449] DEBUG io.netty.buffer.PooledByteBufAllocator - -Dio.netty.allocator.maxOrder: 11
2021-12-12 19:21:26.790 [main][2449] DEBUG io.netty.buffer.PooledByteBufAllocator - -Dio.netty.allocator.chunkSize: 16777216
2021-12-12 19:21:26.790 [main][2449] DEBUG io.netty.buffer.PooledByteBufAllocator - -Dio.netty.allocator.smallCacheSize: 256
2021-12-12 19:21:26.790 [main][2449] DEBUG io.netty.buffer.PooledByteBufAllocator - -Dio.netty.allocator.normalCacheSize: 64
2021-12-12 19:21:26.790 [main][2449] DEBUG io.netty.buffer.PooledByteBufAllocator - -Dio.netty.allocator.maxCachedBufferCapacity: 32768
2021-12-12 19:21:26.791 [main][2450] DEBUG io.netty.buffer.PooledByteBufAllocator - -Dio.netty.allocator.cacheTrimInterval: 8192
2021-12-12 19:21:26.791 [main][2450] DEBUG io.netty.buffer.PooledByteBufAllocator - -Dio.netty.allocator.cacheTrimIntervalMillis: 0
2021-12-12 19:21:26.791 [main][2450] DEBUG io.netty.buffer.PooledByteBufAllocator - -Dio.netty.allocator.useCacheForAllThreads: true
2021-12-12 19:21:26.791 [main][2450] DEBUG io.netty.buffer.PooledByteBufAllocator - -Dio.netty.allocator.maxCachedByteBuffersPerChunk: 1023
2021-12-12 19:21:26.799 [main][2458] DEBUG io.netty.buffer.ByteBufUtil - -Dio.netty.allocator.type: pooled
2021-12-12 19:21:26.800 [main][2459] DEBUG io.netty.buffer.ByteBufUtil - -Dio.netty.threadLocalDirectBufferSize: 0
2021-12-12 19:21:26.800 [main][2459] DEBUG io.netty.buffer.ByteBufUtil - -Dio.netty.maxThreadLocalCharBufferSize: 16384
2021-12-12 19:21:27.587 [Forwarding newSession on session null to remote][3246] DEBUG io.netty.channel.DefaultChannelId - -Dio.netty.processId: 7132 (auto-detected)
2021-12-12 19:21:27.588 [Forwarding newSession on session null to remote][3247] DEBUG io.netty.util.NetUtil - -Djava.net.preferIPv4Stack: false
2021-12-12 19:21:27.588 [Forwarding newSession on session null to remote][3247] DEBUG io.netty.util.NetUtil - -Djava.net.preferIPv6Addresses: false
2021-12-12 19:21:27.696 [Forwarding newSession on session null to remote][3355] DEBUG io.netty.util.NetUtilInitializations - Loopback interface: lo (Software Loopback Interface 1, 127.0.0.1)
2021-12-12 19:21:27.696 [Forwarding newSession on session null to remote][3355] DEBUG io.netty.util.NetUtil - Failed to get SOMAXCONN from sysctl and file \proc\sys\net\core\somaxconn. Default: 200
2021-12-12 19:21:27.796 [Forwarding newSession on session null to remote][3455] DEBUG io.netty.channel.DefaultChannelId - -Dio.netty.machineId: e0:2b:e9:ff:fe:41:7e:9a (auto-detected)
2021-12-12 19:21:27.856 [AsyncHttpClient-1-2][3515] DEBUG io.netty.buffer.AbstractByteBuf - -Dio.netty.buffer.checkAccessible: true
2021-12-12 19:21:27.872 [AsyncHttpClient-1-2][3531] DEBUG io.netty.buffer.AbstractByteBuf - -Dio.netty.buffer.checkBounds: true
2021-12-12 19:21:27.872 [AsyncHttpClient-1-2][3531] DEBUG io.netty.util.ResourceLeakDetectorFactory - Loaded default ResourceLeakDetector: io.netty.util.ResourceLeakDetector@17a3bd6
2021-12-12 19:21:27.889 [AsyncHttpClient-1-2][3548] DEBUG io.netty.util.Recycler - -Dio.netty.recycler.maxCapacityPerThread: 4096
2021-12-12 19:21:27.889 [AsyncHttpClient-1-2][3548] DEBUG io.netty.util.Recycler - -Dio.netty.recycler.maxSharedCapacityFactor: 2
2021-12-12 19:21:27.889 [AsyncHttpClient-1-2][3548] DEBUG io.netty.util.Recycler - -Dio.netty.recycler.linkCapacity: 16
2021-12-12 19:21:27.889 [AsyncHttpClient-1-2][3548] DEBUG io.netty.util.Recycler - -Dio.netty.recycler.ratio: 8
2021-12-12 19:21:27.889 [AsyncHttpClient-1-2][3548] DEBUG io.netty.util.Recycler - -Dio.netty.recycler.delayedQueue.ratio: 8
2021-12-12 19:21:28.689 [AsyncHttpClient-1-2][4348] DEBUG io.netty.handler.codec.compression.Brotli - brotli4j not in the classpath; Brotli support will be unavailable.
2021-12-12 19:21:28.905 [main][4564] DEBUG io.netty.util.internal.ThreadLocalRandom - -Dio.netty.initialSeedUniquifier: 0xd01e74349d86b8b2
2021-12-12 19:21:28.993 [main][4652] INFO  step_definitions.Hooks - Browser opens as expected
2021-12-12 19:21:33.246 [main][8905] INFO  step_definitions.MortgageCalculatorSteps - Mortgage Calculator Home Page opens
2021-12-12 19:21:33.254 [main][8913] DEBUG page_objects.NavigationBar - Mouse hover to Rates Link
2021-12-12 19:21:33.450 [main][9109] DEBUG page_objects.NavigationBar - Navigating to Real Apr Link
2021-12-12 19:21:35.789 [main][11448] INFO  step_definitions.MortgageCalculatorSteps - Navigate to real apr page
2021-12-12 19:21:35.791 [main][11450] DEBUG page_objects.RealApr - Home value is: 200000
2021-12-12 19:21:36.022 [main][11681] DEBUG page_objects.RealApr - Clicking on Dollar Button
2021-12-12 19:21:36.267 [main][11926] DEBUG page_objects.RealApr - Down Payment is: 15000
2021-12-12 19:21:36.478 [main][12137] DEBUG page_objects.RealApr - Interest Rate is: 3
2021-12-12 19:21:36.814 [main][12473] DEBUG page_objects.RealApr - Clicking on Calculate Button
2021-12-12 19:21:38.131 [main][13790] INFO  step_definitions.MortgageCalculatorSteps - click on calculate button upon entering the data
2021-12-12 19:21:38.131 [main][13790] DEBUG page_objects.RealApr - Validate the real apr is: 3.130%
2021-12-12 19:21:38.328 [main][13987] INFO  step_definitions.MortgageCalculatorSteps - validate the actual real apr rate
2021-12-12 19:21:39.056 [main][14715] INFO  step_definitions.Hooks - Browser close as expected
