2021-12-14 18:54:49.175 [main][1771] DEBUG io.netty.util.internal.logging.InternalLoggerFactory - Using Log4J2 as the default logging framework
2021-12-14 18:54:49.175 [main][1771] DEBUG io.netty.util.ResourceLeakDetector - -Dio.netty.leakDetection.level: simple
2021-12-14 18:54:49.175 [main][1771] DEBUG io.netty.util.ResourceLeakDetector - -Dio.netty.leakDetection.targetRecords: 4
2021-12-14 18:54:49.175 [main][1771] DEBUG io.netty.util.ResourceLeakDetectorFactory - Loaded default ResourceLeakDetector: io.netty.util.ResourceLeakDetector@3bbf841e
2021-12-14 18:54:49.191 [main][1787] DEBUG io.netty.util.internal.PlatformDependent0 - -Dio.netty.noUnsafe: false
2021-12-14 18:54:49.191 [main][1787] DEBUG io.netty.util.internal.PlatformDependent0 - Java version: 11
2021-12-14 18:54:49.191 [main][1787] DEBUG io.netty.util.internal.PlatformDependent0 - sun.misc.Unsafe.theUnsafe: available
2021-12-14 18:54:49.206 [main][1802] DEBUG io.netty.util.internal.PlatformDependent0 - sun.misc.Unsafe.copyMemory: available
2021-12-14 18:54:49.206 [main][1802] DEBUG io.netty.util.internal.PlatformDependent0 - java.nio.Buffer.address: available
2021-12-14 18:54:49.206 [main][1802] DEBUG io.netty.util.internal.PlatformDependent0 - direct buffer constructor: unavailable: Reflective setAccessible(true) disabled
2021-12-14 18:54:49.206 [main][1802] DEBUG io.netty.util.internal.PlatformDependent0 - java.nio.Bits.unaligned: available, true
2021-12-14 18:54:49.206 [main][1802] DEBUG io.netty.util.internal.PlatformDependent0 - jdk.internal.misc.Unsafe.allocateUninitializedArray(int): unavailable: class io.netty.util.internal.PlatformDependent0$6 cannot access class jdk.internal.misc.Unsafe (in module java.base) because module java.base does not export jdk.internal.misc to unnamed module @75c56eb9
2021-12-14 18:54:49.206 [main][1802] DEBUG io.netty.util.internal.PlatformDependent0 - java.nio.DirectByteBuffer.<init>(long, int): unavailable
2021-12-14 18:54:49.206 [main][1802] DEBUG io.netty.util.internal.PlatformDependent - sun.misc.Unsafe: available
2021-12-14 18:54:49.206 [main][1802] DEBUG io.netty.util.internal.PlatformDependent - maxDirectMemory: 2076180480 bytes (maybe)
2021-12-14 18:54:49.206 [main][1802] DEBUG io.netty.util.internal.PlatformDependent - -Dio.netty.tmpdir: C:\Users\13474\AppData\Local\Temp (java.io.tmpdir)
2021-12-14 18:54:49.206 [main][1802] DEBUG io.netty.util.internal.PlatformDependent - -Dio.netty.bitMode: 64 (sun.arch.data.model)
2021-12-14 18:54:49.206 [main][1802] DEBUG io.netty.util.internal.PlatformDependent - Platform: Windows
2021-12-14 18:54:49.206 [main][1802] DEBUG io.netty.util.internal.PlatformDependent - -Dio.netty.maxDirectMemory: -1 bytes
2021-12-14 18:54:49.206 [main][1802] DEBUG io.netty.util.internal.PlatformDependent - -Dio.netty.uninitializedArrayAllocationThreshold: -1
2021-12-14 18:54:49.206 [main][1802] DEBUG io.netty.util.internal.CleanerJava9 - java.nio.ByteBuffer.cleaner(): available
2021-12-14 18:54:49.206 [main][1802] DEBUG io.netty.util.internal.PlatformDependent - -Dio.netty.noPreferDirect: false
2021-12-14 18:54:49.206 [main][1802] DEBUG io.netty.util.internal.PlatformDependent - org.jctools-core.MpscChunkedArrayQueue: available
2021-12-14 18:54:49.223 [main][1819] DEBUG io.netty.util.internal.InternalThreadLocalMap - -Dio.netty.threadLocalMap.stringBuilder.initialSize: 1024
2021-12-14 18:54:49.223 [main][1819] DEBUG io.netty.util.internal.InternalThreadLocalMap - -Dio.netty.threadLocalMap.stringBuilder.maxSize: 4096
2021-12-14 18:54:49.239 [main][1835] DEBUG io.netty.handler.ssl.JdkSslContext - Default protocols (JDK): [TLSv1.3, TLSv1.2] 
2021-12-14 18:54:49.239 [main][1835] DEBUG io.netty.handler.ssl.JdkSslContext - Default cipher suites (JDK): [TLS_ECDHE_ECDSA_WITH_AES_256_GCM_SHA384, TLS_ECDHE_ECDSA_WITH_AES_128_GCM_SHA256, TLS_ECDHE_RSA_WITH_AES_128_GCM_SHA256, TLS_ECDHE_RSA_WITH_AES_256_GCM_SHA384, TLS_ECDHE_RSA_WITH_AES_128_CBC_SHA, TLS_ECDHE_RSA_WITH_AES_256_CBC_SHA, TLS_RSA_WITH_AES_128_GCM_SHA256, TLS_RSA_WITH_AES_128_CBC_SHA, TLS_RSA_WITH_AES_256_CBC_SHA, TLS_AES_128_GCM_SHA256, TLS_AES_256_GCM_SHA384]
2021-12-14 18:54:49.270 [main][1866] DEBUG io.netty.channel.MultithreadEventLoopGroup - -Dio.netty.eventLoopThreads: 16
2021-12-14 18:54:49.270 [main][1866] DEBUG io.netty.channel.nio.NioEventLoop - -Dio.netty.noKeySetOptimization: false
2021-12-14 18:54:49.270 [main][1866] DEBUG io.netty.channel.nio.NioEventLoop - -Dio.netty.selectorAutoRebuildThreshold: 512
2021-12-14 18:54:49.322 [main][1918] DEBUG io.netty.buffer.PooledByteBufAllocator - -Dio.netty.allocator.numHeapArenas: 16
2021-12-14 18:54:49.322 [main][1918] DEBUG io.netty.buffer.PooledByteBufAllocator - -Dio.netty.allocator.numDirectArenas: 16
2021-12-14 18:54:49.324 [main][1920] DEBUG io.netty.buffer.PooledByteBufAllocator - -Dio.netty.allocator.pageSize: 8192
2021-12-14 18:54:49.324 [main][1920] DEBUG io.netty.buffer.PooledByteBufAllocator - -Dio.netty.allocator.maxOrder: 11
2021-12-14 18:54:49.324 [main][1920] DEBUG io.netty.buffer.PooledByteBufAllocator - -Dio.netty.allocator.chunkSize: 16777216
2021-12-14 18:54:49.324 [main][1920] DEBUG io.netty.buffer.PooledByteBufAllocator - -Dio.netty.allocator.smallCacheSize: 256
2021-12-14 18:54:49.324 [main][1920] DEBUG io.netty.buffer.PooledByteBufAllocator - -Dio.netty.allocator.normalCacheSize: 64
2021-12-14 18:54:49.324 [main][1920] DEBUG io.netty.buffer.PooledByteBufAllocator - -Dio.netty.allocator.maxCachedBufferCapacity: 32768
2021-12-14 18:54:49.324 [main][1920] DEBUG io.netty.buffer.PooledByteBufAllocator - -Dio.netty.allocator.cacheTrimInterval: 8192
2021-12-14 18:54:49.324 [main][1920] DEBUG io.netty.buffer.PooledByteBufAllocator - -Dio.netty.allocator.cacheTrimIntervalMillis: 0
2021-12-14 18:54:49.324 [main][1920] DEBUG io.netty.buffer.PooledByteBufAllocator - -Dio.netty.allocator.useCacheForAllThreads: true
2021-12-14 18:54:49.324 [main][1920] DEBUG io.netty.buffer.PooledByteBufAllocator - -Dio.netty.allocator.maxCachedByteBuffersPerChunk: 1023
2021-12-14 18:54:49.326 [main][1922] DEBUG io.netty.buffer.ByteBufUtil - -Dio.netty.allocator.type: pooled
2021-12-14 18:54:49.326 [main][1922] DEBUG io.netty.buffer.ByteBufUtil - -Dio.netty.threadLocalDirectBufferSize: 0
2021-12-14 18:54:49.326 [main][1922] DEBUG io.netty.buffer.ByteBufUtil - -Dio.netty.maxThreadLocalCharBufferSize: 16384
2021-12-14 18:54:50.145 [Forwarding newSession on session null to remote][2741] DEBUG io.netty.channel.DefaultChannelId - -Dio.netty.processId: 29460 (auto-detected)
2021-12-14 18:54:50.152 [Forwarding newSession on session null to remote][2748] DEBUG io.netty.util.NetUtil - -Djava.net.preferIPv4Stack: false
2021-12-14 18:54:50.152 [Forwarding newSession on session null to remote][2748] DEBUG io.netty.util.NetUtil - -Djava.net.preferIPv6Addresses: false
2021-12-14 18:54:50.241 [Forwarding newSession on session null to remote][2837] DEBUG io.netty.util.NetUtilInitializations - Loopback interface: lo (Software Loopback Interface 1, 127.0.0.1)
2021-12-14 18:54:50.245 [Forwarding newSession on session null to remote][2841] DEBUG io.netty.util.NetUtil - Failed to get SOMAXCONN from sysctl and file \proc\sys\net\core\somaxconn. Default: 200
2021-12-14 18:54:50.322 [Forwarding newSession on session null to remote][2918] DEBUG io.netty.channel.DefaultChannelId - -Dio.netty.machineId: e0:2b:e9:ff:fe:41:7e:9a (auto-detected)
2021-12-14 18:54:50.380 [AsyncHttpClient-1-2][2976] DEBUG io.netty.buffer.AbstractByteBuf - -Dio.netty.buffer.checkAccessible: true
2021-12-14 18:54:50.381 [AsyncHttpClient-1-2][2977] DEBUG io.netty.buffer.AbstractByteBuf - -Dio.netty.buffer.checkBounds: true
2021-12-14 18:54:50.381 [AsyncHttpClient-1-2][2977] DEBUG io.netty.util.ResourceLeakDetectorFactory - Loaded default ResourceLeakDetector: io.netty.util.ResourceLeakDetector@677f38dd
2021-12-14 18:54:50.402 [AsyncHttpClient-1-2][2998] DEBUG io.netty.util.Recycler - -Dio.netty.recycler.maxCapacityPerThread: 4096
2021-12-14 18:54:50.402 [AsyncHttpClient-1-2][2998] DEBUG io.netty.util.Recycler - -Dio.netty.recycler.maxSharedCapacityFactor: 2
2021-12-14 18:54:50.402 [AsyncHttpClient-1-2][2998] DEBUG io.netty.util.Recycler - -Dio.netty.recycler.linkCapacity: 16
2021-12-14 18:54:50.403 [AsyncHttpClient-1-2][2999] DEBUG io.netty.util.Recycler - -Dio.netty.recycler.ratio: 8
2021-12-14 18:54:50.403 [AsyncHttpClient-1-2][2999] DEBUG io.netty.util.Recycler - -Dio.netty.recycler.delayedQueue.ratio: 8
2021-12-14 18:54:51.309 [AsyncHttpClient-1-2][3905] DEBUG io.netty.handler.codec.compression.Brotli - brotli4j not in the classpath; Brotli support will be unavailable.
2021-12-14 18:54:51.523 [main][4119] DEBUG io.netty.util.internal.ThreadLocalRandom - -Dio.netty.initialSeedUniquifier: 0x2fdf35497f629118
2021-12-14 18:54:51.600 [main][4196] INFO  step_definitions.Hooks - Browser opens as expected
2021-12-14 18:54:53.767 [main][6363] INFO  step_definitions.MortgageCalculatorSteps - Mortgage Calculator Home Page opens
2021-12-14 18:54:53.767 [main][6363] DEBUG page_objects.NavigationBar - Mouse hover to Rates Link
2021-12-14 18:54:53.958 [main][6554] DEBUG page_objects.NavigationBar - Navigating to Real Apr Link
2021-12-14 18:54:55.105 [main][7701] INFO  step_definitions.MortgageCalculatorSteps - Navigate to real apr page
2021-12-14 18:54:55.107 [main][7703] DEBUG page_objects.RealApr - Home value is: 200000
2021-12-14 18:54:55.486 [main][8082] DEBUG page_objects.RealApr - Clicking on Dollar Button
2021-12-14 18:54:55.703 [main][8299] DEBUG page_objects.RealApr - Down Payment is: 15000
2021-12-14 18:54:55.981 [main][8577] DEBUG page_objects.RealApr - Interest Rate is: 3
2021-12-14 18:54:56.277 [main][8873] DEBUG page_objects.RealApr - Clicking on Calculate Button
2021-12-14 18:54:57.606 [main][10202] INFO  step_definitions.MortgageCalculatorSteps - click on calculate button upon entering the data
2021-12-14 18:54:57.609 [main][10205] DEBUG page_objects.RealApr - Validate the real apr is: 3.130%
2021-12-14 18:54:57.804 [main][10400] INFO  step_definitions.MortgageCalculatorSteps - validate the actual real apr rate
2021-12-14 18:54:58.493 [main][11089] INFO  step_definitions.Hooks - Browser close as expected
